Exit code: 0
Stdout:
Mejores hiperpar√°metros encontrados:
{'radius': 0.83340721284948, 'angle': 24.926635864076633, 'sigma': 0.010740374672073139}
Mejor rendimiento encontrado:
62.1554040278324

Stderr:
[I 2024-11-25 17:19:01,352] A new study created in memory with name: no-name-2a83a669-cb94-44a7-8606-00497561ad24
[I 2024-11-25 17:19:04,905] Trial 0 finished with value: 78.68855471495303 and parameters: {'radius': 0.7170540433509919, 'angle': 23.46278237049937, 'sigma': 0.07173870178853242}. Best is trial 0 with value: 78.68855471495303.
[I 2024-11-25 17:19:06,274] Trial 1 finished with value: 85.39137353015998 and parameters: {'radius': 0.5897727687029493, 'angle': 23.008377516719662, 'sigma': 0.09915454260561998}. Best is trial 0 with value: 78.68855471495303.
[I 2024-11-25 17:19:10,351] Trial 2 finished with value: 85.72870197141278 and parameters: {'radius': 0.5121688889508274, 'angle': 23.928917983424114, 'sigma': 0.012713992011881527}. Best is trial 0 with value: 78.68855471495303.
[I 2024-11-25 17:19:12,392] Trial 3 finished with value: 121.38032454746781 and parameters: {'radius': 0.11776408643559098, 'angle': 24.501170041233213, 'sigma': 0.014330941005733625}. Best is trial 0 with value: 78.68855471495303.
[I 2024-11-25 17:19:13,905] Trial 4 finished with value: 122.50907106654358 and parameters: {'radius': 0.25666971664883304, 'angle': 24.56583313006989, 'sigma': 0.061055841730012314}. Best is trial 0 with value: 78.68855471495303.
[I 2024-11-25 17:19:15,159] Trial 5 finished with value: 62.1554040278324 and parameters: {'radius': 0.83340721284948, 'angle': 24.926635864076633, 'sigma': 0.010740374672073139}. Best is trial 5 with value: 62.1554040278324.
[I 2024-11-25 17:19:16,421] Trial 6 finished with value: 78.53279654248234 and parameters: {'radius': 0.7279399047518806, 'angle': 22.761898454041777, 'sigma': 0.09353788081752491}. Best is trial 5 with value: 62.1554040278324.
[I 2024-11-25 17:19:17,727] Trial 7 finished with value: 74.39822776707712 and parameters: {'radius': 0.8646416620958604, 'angle': 23.7287645055712, 'sigma': 0.06064836188888903}. Best is trial 5 with value: 62.1554040278324.
[I 2024-11-25 17:19:19,094] Trial 8 finished with value: 79.21393930952158 and parameters: {'radius': 0.8467050987777852, 'angle': 23.814517537931174, 'sigma': 0.04544048708538619}. Best is trial 5 with value: 62.1554040278324.
[I 2024-11-25 17:19:20,523] Trial 9 finished with value: 88.56575136716465 and parameters: {'radius': 0.44441041281423455, 'angle': 24.786212334483473, 'sigma': 0.010929983634091889}. Best is trial 5 with value: 62.1554040278324.
[I 2024-11-25 17:19:22,058] Trial 10 finished with value: 109.65998090978087 and parameters: {'radius': 0.3508230931947844, 'angle': 24.95134681882627, 'sigma': 0.034775296394179284}. Best is trial 5 with value: 62.1554040278324.
[I 2024-11-25 17:19:23,495] Trial 11 finished with value: 66.762863528606 and parameters: {'radius': 0.8602796717879354, 'angle': 24.258639950648003, 'sigma': 0.07363855375843623}. Best is trial 5 with value: 62.1554040278324.
[I 2024-11-25 17:19:24,881] Trial 12 finished with value: 70.39794029738812 and parameters: {'radius': 0.7061736272265575, 'angle': 24.203071643625798, 'sigma': 0.07751512375267047}. Best is trial 5 with value: 62.1554040278324.
[I 2024-11-25 17:19:26,251] Trial 13 finished with value: 79.26391170603223 and parameters: {'radius': 0.8497956677559866, 'angle': 24.354594402906336, 'sigma': 0.033137637561489866}. Best is trial 5 with value: 62.1554040278324.
[I 2024-11-25 17:19:27,776] Trial 14 finished with value: 87.44560100818688 and parameters: {'radius': 0.608217023784909, 'angle': 24.970313021834258, 'sigma': 0.07930572838009566}. Best is trial 5 with value: 62.1554040278324.
